<?xml version="1.0" encoding="UTF-8"?>
<!-- Generated by org.testng.reporters.JUnitReportReporter -->
<testsuite skipped="0" hostname="LT0091035" name="com.qa.hs.tests.LoginTest" tests="1" failures="0" timestamp="20 May 2019 06:47:37 GMT" time="1.751" errors="0">
  <testcase name="loginTest" time="1.751" classname="com.qa.hs.tests.LoginTest"/>
</testsuite> <!-- com.qa.hs.tests.LoginTest -->
