<?xml version="1.0" encoding="UTF-8"?>
<!-- Generated by org.testng.reporters.JUnitReportReporter -->
<testsuite skipped="0" hostname="LT0091035" name="com.qa.hs.tests.LoginTest" tests="1" failures="0" timestamp="27 Mar 2019 13:19:22 GMT" time="11.613" errors="0">
  <testcase name="loginTest" time="11.613" classname="com.qa.hs.tests.LoginTest"/>
</testsuite> <!-- com.qa.hs.tests.LoginTest -->
